total 16452
-rwxr-xr-x  1 root root   30320 Dec  3  2012 nc.openbsd
-rwxr-xr-x  1 root root      89 Apr 26  2014 red
-rwxr-xr-x  1 root root   46636 Apr 26  2014 ed
-rwsr-xr-x  1 root root   43316 May  7  2014 ping6
-rwsr-xr-x  1 root root   38932 May  7  2014 ping
-rwxr-xr-x  1 root root  113832 Jun 30  2014 netstat
-rwxr-xr-x  1 root root    5047 Oct 27  2014 znew
-rwxr-xr-x  1 root root    1910 Oct 27  2014 zmore
-rwxr-xr-x  1 root root    2037 Oct 27  2014 zless
-rwxr-xr-x  1 root root    5938 Oct 27  2014 zgrep
-rwxr-xr-x  1 root root    2131 Oct 27  2014 zforce
-rwxr-xr-x  1 root root     140 Oct 27  2014 zfgrep
-rwxr-xr-x  1 root root     140 Oct 27  2014 zegrep
-rwxr-xr-x  1 root root    5764 Oct 27  2014 zdiff
-rwxr-xr-x  1 root root    1777 Oct 27  2014 zcmp
-rwxr-xr-x  1 root root    1937 Oct 27  2014 zcat
-rwxr-xr-x  1 root root    2301 Oct 27  2014 uncompress
-rwxr-xr-x  1 root root    5927 Oct 27  2014 gzexe
-rwxr-xr-x  1 root root    2301 Oct 27  2014 gunzip
-rwxr-xr-x  1 root root   97032 Oct 27  2014 gzip
-rwxr-xr-x  1 root root    1297 May 20  2015 bzmore
-rwxr-xr-x  1 root root    3642 May 20  2015 bzgrep
-rwxr-xr-x  1 root root    4877 May 20  2015 bzexe
-rwxr-xr-x  1 root root    2140 May 20  2015 bzdiff
-rwxr-xr-x  1 root root    9728 May 20  2015 bzip2recover
-rwxr-xr-x  1 root root   30344 May 20  2015 bzip2
-rwxr-xr-x  1 root root   30344 May 20  2015 bzcat
-rwxr-xr-x  1 root root   30344 May 20  2015 bunzip2
-rwxr-xr-x  1 root root   30976 Jul 13  2015 efibootmgr
-rwxr-xr-x  1 root root 1718016 Aug 19  2015 busybox
-rwxr-xr-x  1 root root   13908 Nov 24  2015 hostname
-rwxr-xr-x  1 root root   26388 Jan 18  2016 whiptail
-rwxr-xr-x  1 root root     946 Jan 26  2016 which
-rwxr-xr-x  1 root root    9648 Jan 26  2016 tempfile
-rwxr-xr-x  1 root root   18228 Jan 26  2016 run-parts
-rwxr-xr-x  1 root root   35008 Feb  7  2016 setfacl
-rwxr-xr-x  1 root root   22592 Feb  7  2016 getfacl
-rwxr-xr-x  1 root root    9808 Feb  7  2016 chacl
-rwxr-xr-x  1 root root   34916 Feb  7  2016 fuser
-rwxr-xr-x  1 root root  756476 Feb  7  2016 zsh5
-rwxr-xr-x  1 root root   71928 Feb 11  2016 sed
-rwxr-xr-x  1 root root  173644 Feb 17  2016 dash
-rwxr-xr-x  1 root root  129280 Feb 18  2016 vdir
-rwxr-xr-x  1 root root   30460 Feb 18  2016 uname
-rwxr-xr-x  1 root root   26364 Feb 18  2016 true
-rwxr-xr-x  1 root root   63356 Feb 18  2016 touch
-rwxr-xr-x  1 root root   30460 Feb 18  2016 sync
-rwxr-xr-x  1 root root   67388 Feb 18  2016 stty
-rwxr-xr-x  1 root root   30460 Feb 18  2016 sleep
-rwxr-xr-x  1 root root   38684 Feb 18  2016 rmdir
-rwxr-xr-x  1 root root   63324 Feb 18  2016 rm
-rwxr-xr-x  1 root root   42780 Feb 18  2016 readlink
-rwxr-xr-x  1 root root   30492 Feb 18  2016 pwd
-rwxr-xr-x  1 root root  133248 Feb 18  2016 mv
-rwxr-xr-x  1 root root   38716 Feb 18  2016 mktemp
-rwxr-xr-x  1 root root   67484 Feb 18  2016 mknod
-rwxr-xr-x  1 root root   79804 Feb 18  2016 mkdir
-rwxr-xr-x  1 root root  129280 Feb 18  2016 ls
-rwxr-xr-x  1 root root   55104 Feb 18  2016 ln
-rwxr-xr-x  1 root root   26364 Feb 18  2016 false
-rwxr-xr-x  1 root root   30460 Feb 18  2016 echo
-rwxr-xr-x  1 root root  129280 Feb 18  2016 dir
-rwxr-xr-x  1 root root  104740 Feb 18  2016 df
-rwxr-xr-x  1 root root   75680 Feb 18  2016 dd
-rwxr-xr-x  1 root root   67420 Feb 18  2016 date
-rwxr-xr-x  1 root root  153756 Feb 18  2016 cp
-rwxr-xr-x  1 root root   67420 Feb 18  2016 chown
-rwxr-xr-x  1 root root   55100 Feb 18  2016 chmod
-rwxr-xr-x  1 root root   63324 Feb 18  2016 chgrp
-rwxr-xr-x  1 root root   51036 Feb 18  2016 cat
-rwxr-xr-x  1 root root   71808 Feb 18  2016 mt-gnu
-rwxr-xr-x  1 root root  151232 Feb 18  2016 cpio
-rwxr-xr-x  1 root root  172644 Mar  1  2016 hciconfig
-rwxr-xr-x  1 root root  182180 Mar 13  2016 kmod
-rwsr-xr-x  1 root root   38900 Mar 29  2016 su
-rwxr-xr-x  1 root root   51064 Mar 29  2016 login
-rwxr-xr-x  1 root root  111568 Apr  5  2016 ss
-rwxr-xr-x  1 root root  436488 Apr  5  2016 ip
-rwxr-xr-x  1 root root      28 Apr 29  2016 fgrep
-rwxr-xr-x  1 root root      28 Apr 29  2016 egrep
-rwxr-xr-x  1 root root  230928 Apr 29  2016 grep
-rwxr-xr-x  1 root root   38616 May 10  2016 plymouth
-rwxr-xr-x  1 root root 1109564 Jun 24  2016 bash
-rwxr-xr-x  1 root root   13672 Jul 12  2016 ulockmgr_server
-rwsr-xr-x  1 root root   30112 Jul 12  2016 fusermount
-rwxr-xr-x  1 root root    7764 Jul 26  2016 lesspipe
-rwxr-xr-x  1 root root   14372 Jul 26  2016 lesskey
-rwxr-xr-x  1 root root    9588 Jul 26  2016 lessecho
-rwxr-xr-x  1 root root  184220 Jul 26  2016 less
-rwxr-xr-x  1 root root    2762 Sep 22  2016 unicode_start
-rwxr-xr-x  1 root root   42820 Sep 22  2016 setfont
-rwxr-xr-x  1 root root   13964 Sep 22  2016 openvt
-rwxr-xr-x  1 root root   91092 Sep 22  2016 loadkeys
-rwxr-xr-x  1 root root    9748 Sep 22  2016 kbd_mode
-rwxr-xr-x  1 root root    9752 Sep 22  2016 fgconsole
-rwxr-xr-x  1 root root   58076 Sep 22  2016 dumpkeys
-rwxr-xr-x  1 root root    9748 Sep 22  2016 chvt
-rwxr-xr-x  1 root root  413664 Nov 17  2016 tar
-rwxr-xr-x  1 root root   96236 Nov 21  2016 ps
-rwxr-xr-x  1 root root   22200 Nov 21  2016 kill
-rwxr-xr-x  1 root root  235708 Dec 16  2016 nano
-rwxr-xr-x  1 root root   30408 Dec 16  2016 wdctl
-rwxr-xr-x  1 root root   38720 Dec 16  2016 more
-rwxr-xr-x  1 root root   80004 Dec 16  2016 lsblk
-rwsr-xr-x  1 root root   26492 Dec 16  2016 umount
-rwxr-xr-x  1 root root   22196 Dec 16  2016 tailf
-rwxr-xr-x  1 root root    9816 Dec 16  2016 mountpoint
-rwsr-xr-x  1 root root   34812 Dec 16  2016 mount
-rwxr-xr-x  1 root root   47832 Dec 16  2016 findmnt
-rwxr-xr-x  1 root root   59440 Dec 16  2016 dmesg
-rwxr-xr-x  1 root root   38572 Jan 18  2017 systemd-escape
-rwxr-xr-x  1 root root   67256 Jan 18  2017 systemd-tty-ask-password-agent
-rwxr-xr-x  1 root root  145156 Jan 18  2017 systemd-tmpfiles
-rwxr-xr-x  1 root root  288860 Jan 18  2017 systemd-inhibit
-rwxr-xr-x  1 root root   46792 Jan 18  2017 systemd-ask-password
-rwxr-xr-x  1 root root  415496 Jan 18  2017 networkctl
-rwxr-xr-x  1 root root  530540 Jan 18  2017 journalctl
-rwxr-xr-x  1 root root   30380 Jan 18  2017 systemd-notify
-rwxr-xr-x  1 root root   46768 Jan 18  2017 systemd-machine-id-setup
-rwxr-xr-x  1 root root  690908 Jan 18  2017 systemctl
-rwxr-xr-x  1 root root  477292 Jan 18  2017 loginctl
-rwxr-xr-x  1 root root   67332 Jan 18  2017 systemd-hwdb
-rwxr-xr-x  1 root root  444184 Jan 18  2017 udevadm
-rwxr-xr-x  1 root root   50888 Jan 28  2017 ntfswipe
-rwxr-xr-x  1 root root   38280 Jan 28  2017 ntfstruncate
-rwxr-xr-x  1 root root   30132 Jan 28  2017 ntfsmove
-rwxr-xr-x  1 root root   58820 Jan 28  2017 ntfsinfo
-rwxr-xr-x  1 root root   42428 Jan 28  2017 ntfsfix
-rwxr-xr-x  1 root root   34236 Jan 28  2017 ntfsfallocate
-rwxr-xr-x  1 root root   34228 Jan 28  2017 ntfscmp
-rwxr-xr-x  1 root root   34228 Jan 28  2017 ntfscluster
-rwxr-xr-x  1 root root   26036 Jan 28  2017 ntfscat
-rwxr-xr-x  1 root root   17768 Jan 28  2017 ntfs-3g.usermap
-rwxr-xr-x  1 root root   79236 Jan 28  2017 ntfs-3g.secaudit
-rwxr-xr-x  1 root root    9628 Jan 28  2017 ntfs-3g.probe
-rwsr-xr-x  1 root root  157424 Jan 28  2017 ntfs-3g
-rwxr-xr-x  1 root root  112368 Jan 28  2017 lowntfs-3g
-rwxr-xr-x  1 root root   31228 Jan 28  2017 ntfsls
-rwxr-xr-x  1 root root   30875 Feb  1  2017 setupcon
lrwxrwxrwx  1 root root       6 Jul 25  2017 bzless -> bzmore
lrwxrwxrwx  1 root root       6 Jul 25  2017 bzfgrep -> bzgrep
lrwxrwxrwx  1 root root       6 Jul 25  2017 bzegrep -> bzgrep
lrwxrwxrwx  1 root root       6 Jul 25  2017 bzcmp -> bzdiff
lrwxrwxrwx  1 root root       8 Jul 25  2017 domainname -> hostname
lrwxrwxrwx  1 root root       8 Jul 25  2017 dnsdomainname -> hostname
lrwxrwxrwx  1 root root       8 Jul 25  2017 lessfile -> lesspipe
lrwxrwxrwx  1 root root      20 Jul 25  2017 mt -> /etc/alternatives/mt
lrwxrwxrwx  1 root root       4 Jul 25  2017 lsmod -> kmod
lrwxrwxrwx  1 root root      24 Jul 25  2017 netcat -> /etc/alternatives/netcat
lrwxrwxrwx  1 root root      20 Jul 25  2017 nc -> /etc/alternatives/nc
lrwxrwxrwx  1 root root       8 Jul 25  2017 nisdomainname -> hostname
lrwxrwxrwx  1 root root      14 Jul 25  2017 pidof -> /sbin/killall5
lrwxrwxrwx  1 root root       6 Jul 25  2017 open -> openvt
lrwxrwxrwx  1 root root       4 Jul 25  2017 rbash -> bash
lrwxrwxrwx  1 root root       4 Jul 25  2017 sh.distrib -> dash
lrwxrwxrwx  1 root root       4 Jul 25  2017 sh -> dash
lrwxrwxrwx  1 root root       4 Jul 25  2017 rnano -> nano
lrwxrwxrwx  1 root root      20 Jul 25  2017 systemd -> /lib/systemd/systemd
lrwxrwxrwx  1 root root       7 Jul 25  2017 static-sh -> busybox
lrwxrwxrwx  1 root root       8 Jul 25  2017 ypdomainname -> hostname
drwxr-xr-x 23 root root    4096 Jul 25  2017 ..
lrwxrwxrwx  1 root root      21 Jul 25  2017 zsh -> /etc/alternatives/zsh
lrwxrwxrwx  1 root root      22 Jul 25  2017 rzsh -> /etc/alternatives/rzsh
-rwxrwxr-x  1 seed seed 2913352 Oct  3  2017 bash_shellshock
drwxr-xr-x  2 root root    4096 Jan 14  2018 .
